<?xml version="1.0" encoding="UTF-8" ?>
<testsuite errors="0" failures="0" hostname="DESKTOP-G2B6AP0" name="ec.edu.espe.equations.controller.FunctionTest" skipped="0" tests="2" time="0.261" timestamp="2022-07-07T01:24:58">
  <properties>
[...]
</properties>
  <testcase classname="ec.edu.espe.equations.controller.FunctionTest" name="testGetYOfLine" time="0.01" />
  <testcase classname="ec.edu.espe.equations.controller.FunctionTest" name="testGetYOfSqareFunction" time="0.0" />
  <system-out><![CDATA[getYOfLine
getYOfSqareFunction
]]></system-out>
  <system-err><![CDATA[]]></system-err>
</testsuite>
